<?xml version="1.0" encoding="UTF-8"?>
<!-- Generated by org.testng.reporters.JUnitReportReporter -->
<testsuite hostname="DESKTOP-P3JH12J" failures="0" tests="1" name="com.crm.testscripts.CreateCompaign" time="0.023" errors="0" timestamp="2024-12-27T10:45:58 IST" skipped="0">
  <testcase classname="com.crm.testscripts.CreateCompaign" name="createCompain" time="0.023">
    <system-out>
      <![CDATA[hello]]>
    </system-out>
  </testcase> <!-- createCompain -->
  <system-out>
    <![CDATA[hello]]>
  </system-out>
</testsuite> <!-- com.crm.testscripts.CreateCompaign -->
